c:\users\cody\src\imagine_new2\imagine\imagine\x64\debug\vc140.pdb
c:\users\cody\src\imagine_new2\imagine\imagine\x64\debug\imagelabel.obj
c:\users\cody\src\imagine_new2\imagine\imagine\x64\debug\histogram_item.obj
c:\users\cody\src\imagine_new2\imagine\imagine\x64\debug\moc_spoolthread.obj
c:\users\cody\src\imagine_new2\imagine\imagine\x64\debug\moc_pixmapper.obj
c:\users\cody\src\imagine_new2\imagine\imagine\x64\debug\moc_imgapplication.obj
c:\users\cody\src\imagine_new2\imagine\imagine\x64\debug\moc_imagine.obj
c:\users\cody\src\imagine_new2\imagine\imagine\x64\debug\moc_imagelabel.obj
c:\users\cody\src\imagine_new2\imagine\imagine\x64\debug\moc_data_acq_thread.obj
c:\users\cody\src\imagine_new2\imagine\imagine\x64\debug\moc_cookeworkerthread.obj
c:\users\cody\src\imagine_new2\imagine\imagine\x64\debug\moc_arduinothread.obj
c:\users\cody\src\imagine_new2\imagine\imagine\x64\debug\moc_ai_thread.obj
c:\users\cody\src\imagine_new2\imagine\imagine\x64\debug\fast_ofstream.obj
c:\users\cody\src\imagine_new2\imagine\imagine\x64\debug\data_acq_thread.obj
c:\users\cody\src\imagine_new2\imagine\imagine\x64\debug\cookeworkerthread.obj
c:\users\cody\src\imagine_new2\imagine\imagine\x64\debug\cooke.obj
c:\users\cody\src\imagine_new2\imagine\imagine\x64\debug\camera_g.obj
c:\users\cody\src\imagine_new2\imagine\imagine\x64\debug\arduinothread.obj
c:\users\cody\src\imagine_new2\imagine\imagine\x64\debug\arduinoserial.obj
c:\users\cody\src\imagine_new2\imagine\imagine\x64\debug\ai_thread.obj
c:\users\cody\src\imagine_new2\imagine\imagine\x64\debug\volpiezo.obj
c:\users\cody\src\imagine_new2\imagine\imagine\x64\debug\spoolthread.obj
c:\users\cody\src\imagine_new2\imagine\imagine\x64\debug\shutterctrl.obj
c:\users\cody\src\imagine_new2\imagine\imagine\x64\debug\positioner.obj
c:\users\cody\src\imagine_new2\imagine\imagine\x64\debug\pixmapper.obj
c:\users\cody\src\imagine_new2\imagine\imagine\x64\debug\misc.obj
c:\users\cody\src\imagine_new2\imagine\imagine\x64\debug\main.obj
c:\users\cody\src\imagine_new2\imagine\imagine\x64\debug\imgapplication.obj
c:\users\cody\src\imagine_new2\imagine\imagine\x64\debug\imagine.obj
c:\users\cody\src\imagine_new2\imagine\imagine\x64\debug\qrc_imagine.obj
c:\users\cody\src\imagine_new2\imagine\imagine\generatedfiles\debug\moc_imagine.cpp
c:\users\cody\src\imagine_new2\imagine\imagine\generatedfiles\ui_imagine.h
c:\users\cody\src\imagine_new2\imagine\imagine\generatedfiles\debug\moc_spoolthread.cpp
c:\users\cody\src\imagine_new2\imagine\imagine\generatedfiles\debug\moc_pixmapper.cpp
c:\users\cody\src\imagine_new2\imagine\imagine\generatedfiles\debug\moc_imgapplication.cpp
c:\users\cody\src\imagine_new2\imagine\imagine\generatedfiles\debug\moc_imagelabel.cpp
c:\users\cody\src\imagine_new2\imagine\imagine\generatedfiles\debug\moc_ai_thread.cpp
c:\users\cody\src\imagine_new2\imagine\imagine\generatedfiles\debug\moc_arduinothread.cpp
c:\users\cody\src\imagine_new2\imagine\imagine\generatedfiles\debug\moc_cookeworkerthread.cpp
c:\users\cody\src\imagine_new2\imagine\imagine\generatedfiles\debug\moc_data_acq_thread.cpp
c:\users\cody\src\imagine_new2\imagine\imagine\generatedfiles\qrc_imagine.cpp
c:\users\cody\src\imagine_new2\imagine\x64\debug\imagine.exe
c:\users\cody\src\imagine_new2\imagine\x64\debug\imagine.pdb
c:\users\cody\src\imagine_new2\imagine\imagine\x64\debug\imagine.tlog\cl.command.1.tlog
c:\users\cody\src\imagine_new2\imagine\imagine\x64\debug\imagine.tlog\cl.read.1.tlog
c:\users\cody\src\imagine_new2\imagine\imagine\x64\debug\imagine.tlog\cl.write.1.tlog
c:\users\cody\src\imagine_new2\imagine\imagine\x64\debug\imagine.tlog\custombuild.command.1.tlog
c:\users\cody\src\imagine_new2\imagine\imagine\x64\debug\imagine.tlog\custombuild.read.1.tlog
c:\users\cody\src\imagine_new2\imagine\imagine\x64\debug\imagine.tlog\custombuild.write.1.tlog
c:\users\cody\src\imagine_new2\imagine\imagine\x64\debug\imagine.tlog\link.command.1.tlog
c:\users\cody\src\imagine_new2\imagine\imagine\x64\debug\imagine.tlog\link.read.1.tlog
c:\users\cody\src\imagine_new2\imagine\imagine\x64\debug\imagine.tlog\link.write.1.tlog
